

Started GET "/" for 127.0.0.1 at 2014-06-18 11:15:20 -0500

ActiveRecord::PendingMigrationError (

Migrations are pending. To resolve this issue, run:

	bin/rake db:migrate RAILS_ENV=development

):
  activerecord (4.1.1) lib/active_record/migration.rb:389:in `check_pending!'
  activerecord (4.1.1) lib/active_record/migration.rb:377:in `call'
  actionpack (4.1.1) lib/action_dispatch/middleware/callbacks.rb:29:in `block in call'
  activesupport (4.1.1) lib/active_support/callbacks.rb:82:in `run_callbacks'
  actionpack (4.1.1) lib/action_dispatch/middleware/callbacks.rb:27:in `call'
  actionpack (4.1.1) lib/action_dispatch/middleware/reloader.rb:73:in `call'
  actionpack (4.1.1) lib/action_dispatch/middleware/remote_ip.rb:76:in `call'
  actionpack (4.1.1) lib/action_dispatch/middleware/debug_exceptions.rb:17:in `call'
  actionpack (4.1.1) lib/action_dispatch/middleware/show_exceptions.rb:30:in `call'
  railties (4.1.1) lib/rails/rack/logger.rb:38:in `call_app'
  railties (4.1.1) lib/rails/rack/logger.rb:20:in `block in call'
  activesupport (4.1.1) lib/active_support/tagged_logging.rb:68:in `block in tagged'
  activesupport (4.1.1) lib/active_support/tagged_logging.rb:26:in `tagged'
  activesupport (4.1.1) lib/active_support/tagged_logging.rb:68:in `tagged'
  railties (4.1.1) lib/rails/rack/logger.rb:20:in `call'
  actionpack (4.1.1) lib/action_dispatch/middleware/request_id.rb:21:in `call'
  rack (1.5.2) lib/rack/methodoverride.rb:21:in `call'
  rack (1.5.2) lib/rack/runtime.rb:17:in `call'
  activesupport (4.1.1) lib/active_support/cache/strategy/local_cache_middleware.rb:26:in `call'
  rack (1.5.2) lib/rack/lock.rb:17:in `call'
  actionpack (4.1.1) lib/action_dispatch/middleware/static.rb:64:in `call'
  rack (1.5.2) lib/rack/sendfile.rb:112:in `call'
  railties (4.1.1) lib/rails/engine.rb:514:in `call'
  railties (4.1.1) lib/rails/application.rb:144:in `call'
  rack (1.5.2) lib/rack/lock.rb:17:in `call'
  rack (1.5.2) lib/rack/content_length.rb:14:in `call'
  rack (1.5.2) lib/rack/handler/webrick.rb:60:in `service'
  /Users/Evenie/.rvm/rubies/ruby-2.1.0/lib/ruby/2.1.0/webrick/httpserver.rb:138:in `service'
  /Users/Evenie/.rvm/rubies/ruby-2.1.0/lib/ruby/2.1.0/webrick/httpserver.rb:94:in `run'
  /Users/Evenie/.rvm/rubies/ruby-2.1.0/lib/ruby/2.1.0/webrick/server.rb:295:in `block in start_thread'


  Rendered /Users/Evenie/.rvm/gems/ruby-2.1.0@global/gems/actionpack-4.1.1/lib/action_dispatch/middleware/templates/rescues/_source.erb (0.5ms)
  Rendered /Users/Evenie/.rvm/gems/ruby-2.1.0@global/gems/actionpack-4.1.1/lib/action_dispatch/middleware/templates/rescues/_trace.html.erb (0.9ms)
  Rendered /Users/Evenie/.rvm/gems/ruby-2.1.0@global/gems/actionpack-4.1.1/lib/action_dispatch/middleware/templates/rescues/_request_and_response.html.erb (0.7ms)
  Rendered /Users/Evenie/.rvm/gems/ruby-2.1.0@global/gems/actionpack-4.1.1/lib/action_dispatch/middleware/templates/rescues/diagnostics.erb within rescues/layout (24.9ms)
  [1m[36m (9.0ms)[0m  [1mCREATE TABLE "schema_migrations" ("version" varchar(255) NOT NULL) [0m
  [1m[35m (0.1ms)[0m  select sqlite_version(*)
  [1m[36m (0.8ms)[0m  [1mCREATE UNIQUE INDEX "unique_schema_migrations" ON "schema_migrations" ("version")[0m
  [1m[35mActiveRecord::SchemaMigration Load (0.1ms)[0m  SELECT "schema_migrations".* FROM "schema_migrations"
Migrating to CreateStudents (20140618160559)
  [1m[36m (0.0ms)[0m  [1mbegin transaction[0m
  [1m[35m (0.0ms)[0m  rollback transaction
  [1m[36mActiveRecord::SchemaMigration Load (0.1ms)[0m  [1mSELECT "schema_migrations".* FROM "schema_migrations"[0m
Migrating to CreateStudents (20140618160559)
  [1m[35m (0.0ms)[0m  begin transaction
  [1m[36m (0.0ms)[0m  [1mrollback transaction[0m
  [1m[36mActiveRecord::SchemaMigration Load (0.1ms)[0m  [1mSELECT "schema_migrations".* FROM "schema_migrations"[0m
Migrating to CreateStudents (20140618160559)
  [1m[35m (0.0ms)[0m  begin transaction
  [1m[36m (0.0ms)[0m  [1mrollback transaction[0m
  [1m[36mActiveRecord::SchemaMigration Load (0.1ms)[0m  [1mSELECT "schema_migrations".* FROM "schema_migrations"[0m
Migrating to CreateStudents (20140618170624)
  [1m[35m (0.1ms)[0m  begin transaction
  [1m[36m (0.1ms)[0m  [1mrollback transaction[0m
  [1m[36mActiveRecord::SchemaMigration Load (0.3ms)[0m  [1mSELECT "schema_migrations".* FROM "schema_migrations"[0m
Migrating to CreateStudents (20140618170624)
  [1m[35m (0.1ms)[0m  begin transaction
  [1m[36m (0.0ms)[0m  [1mrollback transaction[0m
  [1m[36mActiveRecord::SchemaMigration Load (0.1ms)[0m  [1mSELECT "schema_migrations".* FROM "schema_migrations"[0m
Migrating to CreateStudents (20140619140217)
  [1m[35m (0.1ms)[0m  begin transaction
  [1m[36m (0.4ms)[0m  [1mCREATE TABLE "students" ("id" INTEGER PRIMARY KEY AUTOINCREMENT NOT NULL, "name" varchar(255), "created_at" datetime, "updated_at" datetime) [0m
  [1m[35mSQL (0.1ms)[0m  INSERT INTO "schema_migrations" ("version") VALUES (?)  [["version", "20140619140217"]]
  [1m[36m (18.6ms)[0m  [1mcommit transaction[0m
  [1m[35mActiveRecord::SchemaMigration Load (0.1ms)[0m  SELECT "schema_migrations".* FROM "schema_migrations"
  [1m[36mActiveRecord::SchemaMigration Load (0.1ms)[0m  [1mSELECT "schema_migrations".* FROM "schema_migrations"[0m
  [1m[35mActiveRecord::SchemaMigration Load (0.1ms)[0m  SELECT "schema_migrations".* FROM "schema_migrations"
  [1m[36mActiveRecord::SchemaMigration Load (0.1ms)[0m  [1mSELECT "schema_migrations".* FROM "schema_migrations"[0m
  [1m[35mActiveRecord::SchemaMigration Load (0.1ms)[0m  SELECT "schema_migrations".* FROM "schema_migrations"
Migrating to CreateStudents (20140619140217)
  [1m[36m (0.0ms)[0m  [1mbegin transaction[0m
  [1m[35m (0.3ms)[0m  DROP TABLE "students"
  [1m[36mSQL (0.1ms)[0m  [1mDELETE FROM "schema_migrations" WHERE "schema_migrations"."version" = '20140619140217'[0m
  [1m[35m (8.4ms)[0m  commit transaction
  [1m[36mActiveRecord::SchemaMigration Load (0.1ms)[0m  [1mSELECT "schema_migrations".* FROM "schema_migrations"[0m
  [1m[36mActiveRecord::SchemaMigration Load (0.1ms)[0m  [1mSELECT "schema_migrations".* FROM "schema_migrations"[0m
Migrating to CreateStudents (20140619140217)
  [1m[35m (0.0ms)[0m  begin transaction
  [1m[36m (0.4ms)[0m  [1mCREATE TABLE "students" ("id" INTEGER PRIMARY KEY AUTOINCREMENT NOT NULL, "name" varchar(255), "university_id" varchar(255), "created_at" datetime, "updated_at" datetime) [0m
  [1m[35mSQL (0.1ms)[0m  INSERT INTO "schema_migrations" ("version") VALUES (?)  [["version", "20140619140217"]]
  [1m[36m (8.6ms)[0m  [1mcommit transaction[0m
  [1m[35mActiveRecord::SchemaMigration Load (0.1ms)[0m  SELECT "schema_migrations".* FROM "schema_migrations"
  [1m[36mActiveRecord::SchemaMigration Load (0.1ms)[0m  [1mSELECT "schema_migrations".* FROM "schema_migrations"[0m
Migrating to CreateCourses (20140623162336)
  [1m[35m (0.0ms)[0m  begin transaction
  [1m[36m (0.4ms)[0m  [1mCREATE TABLE "courses" ("id" INTEGER PRIMARY KEY AUTOINCREMENT NOT NULL, "title" varchar(255), "course_number" varchar(255), "created_at" datetime, "updated_at" datetime) [0m
  [1m[35mSQL (0.2ms)[0m  INSERT INTO "schema_migrations" ("version") VALUES (?)  [["version", "20140623162336"]]
  [1m[36m (0.7ms)[0m  [1mcommit transaction[0m
  [1m[35mActiveRecord::SchemaMigration Load (0.1ms)[0m  SELECT "schema_migrations".* FROM "schema_migrations"
  [1m[36mActiveRecord::SchemaMigration Load (0.4ms)[0m  [1mSELECT "schema_migrations".* FROM "schema_migrations"[0m
Migrating to CoursesStudents (20140623162711)
  [1m[36mActiveRecord::SchemaMigration Load (0.1ms)[0m  [1mSELECT "schema_migrations".* FROM "schema_migrations"[0m
Migrating to CoursesStudents (20140623162711)
  [1m[35m (0.0ms)[0m  begin transaction
  [1m[36m (0.4ms)[0m  [1mCREATE TABLE "courses_students" ("student_id" integer, "course_id" integer) [0m
  [1m[35m (0.3ms)[0m  rollback transaction
  [1m[36mActiveRecord::SchemaMigration Load (0.1ms)[0m  [1mSELECT "schema_migrations".* FROM "schema_migrations"[0m
Migrating to CoursesStudents (20140623162711)
  [1m[35m (0.0ms)[0m  begin transaction
  [1m[36m (0.3ms)[0m  [1mCREATE TABLE "courses_students" ("student_id" integer, "course_id" integer) [0m
  [1m[35mSQL (0.2ms)[0m  INSERT INTO "schema_migrations" ("version") VALUES (?)  [["version", "20140623162711"]]
  [1m[36m (0.7ms)[0m  [1mcommit transaction[0m
  [1m[35mActiveRecord::SchemaMigration Load (0.1ms)[0m  SELECT "schema_migrations".* FROM "schema_migrations"
  [1m[36mActiveRecord::SchemaMigration Load (0.1ms)[0m  [1mSELECT "schema_migrations".* FROM "schema_migrations"[0m
  [1m[35mActiveRecord::SchemaMigration Load (0.1ms)[0m  SELECT "schema_migrations".* FROM "schema_migrations"
Migrating to CoursesStudents (20140623162711)
  [1m[36m (0.0ms)[0m  [1mbegin transaction[0m
  [1m[35m (0.0ms)[0m  rollback transaction
  [1m[36mActiveRecord::SchemaMigration Load (0.1ms)[0m  [1mSELECT "schema_migrations".* FROM "schema_migrations"[0m
  [1m[35mActiveRecord::SchemaMigration Load (0.1ms)[0m  SELECT "schema_migrations".* FROM "schema_migrations"
Migrating to CoursesStudents (20140623162711)
  [1m[36m (0.0ms)[0m  [1mbegin transaction[0m
  [1m[35m (0.3ms)[0m  DROP TABLE "courses_students"
  [1m[36mSQL (0.1ms)[0m  [1mDELETE FROM "schema_migrations" WHERE "schema_migrations"."version" = '20140623162711'[0m
  [1m[35m (0.7ms)[0m  commit transaction
  [1m[36mActiveRecord::SchemaMigration Load (0.1ms)[0m  [1mSELECT "schema_migrations".* FROM "schema_migrations"[0m
  [1m[36mActiveRecord::SchemaMigration Load (0.1ms)[0m  [1mSELECT "schema_migrations".* FROM "schema_migrations"[0m
Migrating to CoursesStudents (20140623162711)
  [1m[35m (0.0ms)[0m  begin transaction
  [1m[36m (0.3ms)[0m  [1mCREATE TABLE "courses_students" ("student_id" integer, "course_id" integer) [0m
  [1m[35m (0.0ms)[0m  select sqlite_version(*)
  [1m[36m (0.8ms)[0m  [1mCREATE UNIQUE INDEX "index_courses_students_on_course_id_and_student_id" ON "courses_students" ("course_id", "student_id")[0m
  [1m[35mSQL (0.1ms)[0m  INSERT INTO "schema_migrations" ("version") VALUES (?)  [["version", "20140623162711"]]
  [1m[36m (8.7ms)[0m  [1mcommit transaction[0m
  [1m[35mActiveRecord::SchemaMigration Load (0.1ms)[0m  SELECT "schema_migrations".* FROM "schema_migrations"
  [1m[36m (0.1ms)[0m  [1m            SELECT sql
            FROM sqlite_master
            WHERE name='index_courses_students_on_course_id_and_student_id' AND type='index'
            UNION ALL
            SELECT sql
            FROM sqlite_temp_master
            WHERE name='index_courses_students_on_course_id_and_student_id' AND type='index'
[0m
  [1m[36mActiveRecord::SchemaMigration Load (0.1ms)[0m  [1mSELECT "schema_migrations".* FROM "schema_migrations"[0m
  [1m[35mActiveRecord::SchemaMigration Load (0.1ms)[0m  SELECT "schema_migrations".* FROM "schema_migrations"
Migrating to CoursesStudents (20140623162711)
  [1m[36m (0.0ms)[0m  [1mbegin transaction[0m
  [1m[35m (0.1ms)[0m              SELECT sql
            FROM sqlite_master
            WHERE name='index_courses_students_on_course_id_and_student_id' AND type='index'
            UNION ALL
            SELECT sql
            FROM sqlite_temp_master
            WHERE name='index_courses_students_on_course_id_and_student_id' AND type='index'

  [1m[36m (0.3ms)[0m  [1mDROP INDEX "index_courses_students_on_course_id_and_student_id"[0m
  [1m[35m (0.9ms)[0m  DROP TABLE "courses_students"
  [1m[36mSQL (0.1ms)[0m  [1mDELETE FROM "schema_migrations" WHERE "schema_migrations"."version" = '20140623162711'[0m
  [1m[35m (8.4ms)[0m  commit transaction
  [1m[36mActiveRecord::SchemaMigration Load (0.1ms)[0m  [1mSELECT "schema_migrations".* FROM "schema_migrations"[0m
  [1m[36mActiveRecord::SchemaMigration Load (0.1ms)[0m  [1mSELECT "schema_migrations".* FROM "schema_migrations"[0m
Migrating to CoursesStudents (20140623162711)
  [1m[35m (0.0ms)[0m  begin transaction
  [1m[36m (0.4ms)[0m  [1mCREATE TABLE "courses_students" ("student_id" integer, "course_id" integer) [0m
  [1m[35m (0.0ms)[0m  select sqlite_version(*)
  [1m[36m (0.8ms)[0m  [1mCREATE UNIQUE INDEX "index_courses_students_on_course_id_and_student_id" ON "courses_students" ("course_id", "student_id")[0m
  [1m[35mSQL (0.1ms)[0m  INSERT INTO "schema_migrations" ("version") VALUES (?)  [["version", "20140623162711"]]
  [1m[36m (8.6ms)[0m  [1mcommit transaction[0m
  [1m[35mActiveRecord::SchemaMigration Load (0.1ms)[0m  SELECT "schema_migrations".* FROM "schema_migrations"
  [1m[36m (0.1ms)[0m  [1m            SELECT sql
            FROM sqlite_master
            WHERE name='index_courses_students_on_course_id_and_student_id' AND type='index'
            UNION ALL
            SELECT sql
            FROM sqlite_temp_master
            WHERE name='index_courses_students_on_course_id_and_student_id' AND type='index'
[0m
  [1m[36mActiveRecord::SchemaMigration Load (0.1ms)[0m  [1mSELECT "schema_migrations".* FROM "schema_migrations"[0m
  [1m[35mActiveRecord::SchemaMigration Load (0.1ms)[0m  SELECT "schema_migrations".* FROM "schema_migrations"
Migrating to CoursesStudents (20140623162711)
  [1m[36m (0.0ms)[0m  [1mbegin transaction[0m
  [1m[35m (0.1ms)[0m              SELECT sql
            FROM sqlite_master
            WHERE name='index_courses_students_on_course_id_and_student_id' AND type='index'
            UNION ALL
            SELECT sql
            FROM sqlite_temp_master
            WHERE name='index_courses_students_on_course_id_and_student_id' AND type='index'

  [1m[36m (0.3ms)[0m  [1mDROP INDEX "index_courses_students_on_course_id_and_student_id"[0m
  [1m[35m (0.8ms)[0m  DROP TABLE "courses_students"
  [1m[36mSQL (0.1ms)[0m  [1mDELETE FROM "schema_migrations" WHERE "schema_migrations"."version" = '20140623162711'[0m
  [1m[35m (8.6ms)[0m  commit transaction
  [1m[36mActiveRecord::SchemaMigration Load (0.1ms)[0m  [1mSELECT "schema_migrations".* FROM "schema_migrations"[0m
  [1m[36mActiveRecord::SchemaMigration Load (0.1ms)[0m  [1mSELECT "schema_migrations".* FROM "schema_migrations"[0m
  [1m[35mActiveRecord::SchemaMigration Load (0.1ms)[0m  SELECT "schema_migrations".* FROM "schema_migrations"
Migrating to CreateCourses (20140623162336)
  [1m[36m (0.1ms)[0m  [1mbegin transaction[0m
  [1m[35m (0.4ms)[0m  DROP TABLE "courses"
  [1m[36mSQL (0.1ms)[0m  [1mDELETE FROM "schema_migrations" WHERE "schema_migrations"."version" = '20140623162336'[0m
  [1m[35m (0.7ms)[0m  commit transaction
Migrating to CreateStudents (20140619140217)
  [1m[36m (0.0ms)[0m  [1mbegin transaction[0m
  [1m[35m (0.3ms)[0m  DROP TABLE "students"
  [1m[36mSQL (0.1ms)[0m  [1mDELETE FROM "schema_migrations" WHERE "schema_migrations"."version" = '20140619140217'[0m
  [1m[35m (0.7ms)[0m  commit transaction
  [1m[36mActiveRecord::SchemaMigration Load (0.0ms)[0m  [1mSELECT "schema_migrations".* FROM "schema_migrations"[0m
  [1m[36mActiveRecord::SchemaMigration Load (0.1ms)[0m  [1mSELECT "schema_migrations".* FROM "schema_migrations"[0m
  [1m[35mActiveRecord::SchemaMigration Load (0.1ms)[0m  SELECT "schema_migrations".* FROM "schema_migrations"
  [1m[36mActiveRecord::SchemaMigration Load (0.1ms)[0m  [1mSELECT "schema_migrations".* FROM "schema_migrations"[0m
  [1m[35mActiveRecord::SchemaMigration Load (0.1ms)[0m  SELECT "schema_migrations".* FROM "schema_migrations"
  [1m[36mActiveRecord::SchemaMigration Load (0.1ms)[0m  [1mSELECT "schema_migrations".* FROM "schema_migrations"[0m
Migrating to CreateStudents (20140619140217)
  [1m[35m (0.1ms)[0m  begin transaction
  [1m[36m (0.4ms)[0m  [1mCREATE TABLE "students" ("id" INTEGER PRIMARY KEY AUTOINCREMENT NOT NULL, "name" varchar(255), "university_id" varchar(255), "created_at" datetime, "updated_at" datetime) [0m
  [1m[35mSQL (0.1ms)[0m  INSERT INTO "schema_migrations" ("version") VALUES (?)  [["version", "20140619140217"]]
  [1m[36m (7.9ms)[0m  [1mcommit transaction[0m
Migrating to CreateCourses (20140623162336)
  [1m[35m (0.1ms)[0m  begin transaction
  [1m[36m (0.3ms)[0m  [1mCREATE TABLE "courses" ("id" INTEGER PRIMARY KEY AUTOINCREMENT NOT NULL, "title" varchar(255), "course_number" varchar(255), "created_at" datetime, "updated_at" datetime) [0m
  [1m[35mSQL (0.1ms)[0m  INSERT INTO "schema_migrations" ("version") VALUES (?)  [["version", "20140623162336"]]
  [1m[36m (0.6ms)[0m  [1mcommit transaction[0m
Migrating to CoursesStudents (20140623162711)
  [1m[35m (0.0ms)[0m  begin transaction
  [1m[36m (0.2ms)[0m  [1mCREATE TABLE "courses_students" ("student_id" integer, "course_id" integer) [0m
  [1m[35m (0.1ms)[0m  select sqlite_version(*)
  [1m[36m (0.7ms)[0m  [1mCREATE UNIQUE INDEX "index_courses_students_on_course_id_and_student_id" ON "courses_students" ("course_id", "student_id")[0m
  [1m[35mSQL (0.1ms)[0m  INSERT INTO "schema_migrations" ("version") VALUES (?)  [["version", "20140623162711"]]
  [1m[36m (0.7ms)[0m  [1mcommit transaction[0m
  [1m[35mActiveRecord::SchemaMigration Load (0.1ms)[0m  SELECT "schema_migrations".* FROM "schema_migrations"
  [1m[36m (0.1ms)[0m  [1m            SELECT sql
            FROM sqlite_master
            WHERE name='index_courses_students_on_course_id_and_student_id' AND type='index'
            UNION ALL
            SELECT sql
            FROM sqlite_temp_master
            WHERE name='index_courses_students_on_course_id_and_student_id' AND type='index'
[0m


Started GET "/" for 127.0.0.1 at 2014-06-25 11:09:18 -0500
  [1m[36mActiveRecord::SchemaMigration Load (0.1ms)[0m  [1mSELECT "schema_migrations".* FROM "schema_migrations"[0m
Processing by Rails::WelcomeController#index as HTML
  Rendered /Users/Evenie/.rvm/gems/ruby-2.1.2/gems/railties-4.1.0/lib/rails/templates/rails/welcome/index.html.erb (1.8ms)
Completed 200 OK in 19ms (Views: 8.0ms | ActiveRecord: 0.0ms)


Started GET "/courses/new" for 127.0.0.1 at 2014-06-25 11:10:07 -0500
Processing by CoursesController#new as HTML
  Rendered courses/_form.html.erb (14.4ms)
  Rendered courses/new.html.erb within layouts/application (18.0ms)
Completed 200 OK in 531ms (Views: 521.4ms | ActiveRecord: 0.2ms)


Started GET "/assets/courses.css?body=1" for 127.0.0.1 at 2014-06-25 11:10:08 -0500


Started GET "/assets/scaffolds.css?body=1" for 127.0.0.1 at 2014-06-25 11:10:08 -0500


Started GET "/assets/students.css?body=1" for 127.0.0.1 at 2014-06-25 11:10:08 -0500


Started GET "/assets/jquery.js?body=1" for 127.0.0.1 at 2014-06-25 11:10:08 -0500


Started GET "/assets/application.css?body=1" for 127.0.0.1 at 2014-06-25 11:10:08 -0500


Started GET "/assets/jquery_ujs.js?body=1" for 127.0.0.1 at 2014-06-25 11:10:08 -0500


Started GET "/assets/turbolinks.js?body=1" for 127.0.0.1 at 2014-06-25 11:10:08 -0500


Started GET "/assets/courses.js?body=1" for 127.0.0.1 at 2014-06-25 11:10:08 -0500


Started GET "/assets/application.js?body=1" for 127.0.0.1 at 2014-06-25 11:10:08 -0500


Started GET "/assets/students.js?body=1" for 127.0.0.1 at 2014-06-25 11:10:08 -0500


Started POST "/courses" for 127.0.0.1 at 2014-06-25 11:10:41 -0500
Processing by CoursesController#create as HTML
  Parameters: {"utf8"=>"✓", "authenticity_token"=>"2bzYTmVtoMfKzkl6rAb3zmOoeXuhMZJJoSklUvXLWdQ=", "course"=>{"title"=>"Web Frameworks", "course_number"=>"4990"}, "commit"=>"Create Course"}
  [1m[35m (0.1ms)[0m  begin transaction
  [1m[36mSQL (0.4ms)[0m  [1mINSERT INTO "courses" ("course_number", "created_at", "title", "updated_at") VALUES (?, ?, ?, ?)[0m  [["course_number", "4990"], ["created_at", "2014-06-25 16:10:41.812971"], ["title", "Web Frameworks"], ["updated_at", "2014-06-25 16:10:41.812971"]]
  [1m[35m (0.6ms)[0m  commit transaction
Redirected to http://localhost:3000/courses/1
Completed 302 Found in 6ms (ActiveRecord: 1.1ms)


Started GET "/courses/1" for 127.0.0.1 at 2014-06-25 11:10:41 -0500
Processing by CoursesController#show as HTML
  Parameters: {"id"=>"1"}
  [1m[36mCourse Load (0.2ms)[0m  [1mSELECT  "courses".* FROM "courses"  WHERE "courses"."id" = ? LIMIT 1[0m  [["id", 1]]
  Rendered courses/show.html.erb within layouts/application (0.8ms)
Completed 200 OK in 8ms (Views: 5.6ms | ActiveRecord: 0.2ms)


Started GET "/assets/students.css?body=1" for 127.0.0.1 at 2014-06-25 11:10:41 -0500


Started GET "/assets/students.js?body=1" for 127.0.0.1 at 2014-06-25 11:10:41 -0500


Started GET "/courses" for 127.0.0.1 at 2014-06-25 11:10:52 -0500
Processing by CoursesController#index as HTML
  [1m[35mCourse Load (0.1ms)[0m  SELECT "courses".* FROM "courses"
  Rendered courses/index.html.erb within layouts/application (1.8ms)
Completed 200 OK in 14ms (Views: 13.3ms | ActiveRecord: 0.1ms)


Started GET "/courses/new" for 127.0.0.1 at 2014-06-25 11:10:56 -0500
Processing by CoursesController#new as HTML
  Rendered courses/_form.html.erb (2.9ms)
  Rendered courses/new.html.erb within layouts/application (4.3ms)
Completed 200 OK in 10ms (Views: 9.9ms | ActiveRecord: 0.0ms)


Started POST "/courses" for 127.0.0.1 at 2014-06-25 11:11:11 -0500
Processing by CoursesController#create as HTML
  Parameters: {"utf8"=>"✓", "authenticity_token"=>"2bzYTmVtoMfKzkl6rAb3zmOoeXuhMZJJoSklUvXLWdQ=", "course"=>{"title"=>"Data Structures", "course_number"=>"2125"}, "commit"=>"Create Course"}
  [1m[36m (0.1ms)[0m  [1mbegin transaction[0m
  [1m[35mSQL (0.3ms)[0m  INSERT INTO "courses" ("course_number", "created_at", "title", "updated_at") VALUES (?, ?, ?, ?)  [["course_number", "2125"], ["created_at", "2014-06-25 16:11:11.739479"], ["title", "Data Structures"], ["updated_at", "2014-06-25 16:11:11.739479"]]
  [1m[36m (1.3ms)[0m  [1mcommit transaction[0m
Redirected to http://localhost:3000/courses/2
Completed 302 Found in 4ms (ActiveRecord: 1.7ms)


Started GET "/courses/2" for 127.0.0.1 at 2014-06-25 11:11:11 -0500
Processing by CoursesController#show as HTML
  Parameters: {"id"=>"2"}
  [1m[35mCourse Load (0.1ms)[0m  SELECT  "courses".* FROM "courses"  WHERE "courses"."id" = ? LIMIT 1  [["id", 2]]
  Rendered courses/show.html.erb within layouts/application (0.3ms)
Completed 200 OK in 5ms (Views: 4.1ms | ActiveRecord: 0.1ms)


Started GET "/assets/students.css?body=1" for 127.0.0.1 at 2014-06-25 11:11:11 -0500


Started GET "/assets/students.js?body=1" for 127.0.0.1 at 2014-06-25 11:11:11 -0500
  [1m[36mCourse Load (0.1ms)[0m  [1mSELECT  "courses".* FROM "courses"  WHERE "courses"."id" = ? LIMIT 1[0m  [["id", 1]]
  [1m[35mCourse Load (0.1ms)[0m  SELECT "courses".* FROM "courses"
  [1m[36mCourse Load (0.1ms)[0m  [1mSELECT  "courses".* FROM "courses"   ORDER BY "courses"."id" DESC LIMIT 1[0m


Started GET "/courses" for 127.0.0.1 at 2014-06-25 11:25:26 -0500
Processing by CoursesController#index as HTML
  [1m[36mCourse Load (0.1ms)[0m  [1mSELECT "courses".* FROM "courses"[0m
  Rendered courses/index.html.erb within layouts/application (1.3ms)
Completed 200 OK in 7ms (Views: 6.0ms | ActiveRecord: 0.1ms)


Started GET "/courses/1" for 127.0.0.1 at 2014-06-25 11:25:39 -0500
Processing by CoursesController#show as HTML
  Parameters: {"id"=>"1"}
  [1m[35mCourse Load (0.1ms)[0m  SELECT  "courses".* FROM "courses"  WHERE "courses"."id" = ? LIMIT 1  [["id", 1]]
  Rendered courses/show.html.erb within layouts/application (1.0ms)
Completed 200 OK in 8ms (Views: 7.0ms | ActiveRecord: 0.1ms)


Started GET "/students/new" for 127.0.0.1 at 2014-06-25 11:26:53 -0500
Processing by StudentsController#new as HTML
  Rendered students/_form.html.erb (3.5ms)
  Rendered students/new.html.erb within layouts/application (4.7ms)
Completed 200 OK in 12ms (Views: 8.3ms | ActiveRecord: 0.2ms)


Started GET "/assets/courses.css?body=1" for 127.0.0.1 at 2014-06-25 11:26:53 -0500


Started GET "/assets/scaffolds.css?body=1" for 127.0.0.1 at 2014-06-25 11:26:53 -0500


Started GET "/assets/jquery.js?body=1" for 127.0.0.1 at 2014-06-25 11:26:53 -0500


Started GET "/assets/application.css?body=1" for 127.0.0.1 at 2014-06-25 11:26:53 -0500


Started GET "/assets/students.css?body=1" for 127.0.0.1 at 2014-06-25 11:26:53 -0500


Started GET "/assets/jquery_ujs.js?body=1" for 127.0.0.1 at 2014-06-25 11:26:53 -0500


Started GET "/assets/turbolinks.js?body=1" for 127.0.0.1 at 2014-06-25 11:26:53 -0500


Started GET "/assets/courses.js?body=1" for 127.0.0.1 at 2014-06-25 11:26:53 -0500


Started GET "/assets/students.js?body=1" for 127.0.0.1 at 2014-06-25 11:26:53 -0500


Started GET "/assets/application.js?body=1" for 127.0.0.1 at 2014-06-25 11:26:53 -0500


Started GET "/" for 127.0.0.1 at 2014-06-26 10:34:43 -0500
  [1m[36mActiveRecord::SchemaMigration Load (0.1ms)[0m  [1mSELECT "schema_migrations".* FROM "schema_migrations"[0m
Processing by Rails::WelcomeController#index as HTML
  Rendered /Users/Evenie/.rvm/gems/ruby-2.1.2/gems/railties-4.1.0/lib/rails/templates/rails/welcome/index.html.erb (1.8ms)
Completed 200 OK in 20ms (Views: 7.7ms | ActiveRecord: 0.0ms)


Started GET "/students/new" for 127.0.0.1 at 2014-06-26 10:34:53 -0500
Processing by StudentsController#new as HTML
  Rendered students/_form.html.erb (15.7ms)
  Rendered students/new.html.erb within layouts/application (19.0ms)
Completed 200 OK in 71ms (Views: 62.0ms | ActiveRecord: 0.2ms)


Started GET "/assets/courses.css?body=1" for 127.0.0.1 at 2014-06-26 10:34:53 -0500


Started GET "/assets/application.css?body=1" for 127.0.0.1 at 2014-06-26 10:34:53 -0500


Started GET "/assets/students.css?body=1" for 127.0.0.1 at 2014-06-26 10:34:53 -0500


Started GET "/assets/jquery.js?body=1" for 127.0.0.1 at 2014-06-26 10:34:53 -0500


Started GET "/assets/scaffolds.css?body=1" for 127.0.0.1 at 2014-06-26 10:34:53 -0500


Started GET "/assets/turbolinks.js?body=1" for 127.0.0.1 at 2014-06-26 10:34:53 -0500


Started GET "/assets/courses.js?body=1" for 127.0.0.1 at 2014-06-26 10:34:53 -0500


Started GET "/assets/jquery_ujs.js?body=1" for 127.0.0.1 at 2014-06-26 10:34:53 -0500


Started GET "/assets/students.js?body=1" for 127.0.0.1 at 2014-06-26 10:34:53 -0500


Started GET "/assets/application.js?body=1" for 127.0.0.1 at 2014-06-26 10:34:53 -0500


Started POST "/students" for 127.0.0.1 at 2014-06-26 10:35:18 -0500
Processing by StudentsController#create as HTML
  Parameters: {"utf8"=>"✓", "authenticity_token"=>"2bzYTmVtoMfKzkl6rAb3zmOoeXuhMZJJoSklUvXLWdQ=", "student"=>{"name"=>"Bob"}, "course_id"=>"CSCI4990", "commit"=>"Create Student"}
  [1m[35m (0.1ms)[0m  begin transaction
  [1m[36mSQL (0.4ms)[0m  [1mINSERT INTO "students" ("created_at", "name", "updated_at") VALUES (?, ?, ?)[0m  [["created_at", "2014-06-26 15:35:18.398561"], ["name", "Bob"], ["updated_at", "2014-06-26 15:35:18.398561"]]
  [1m[35m (0.5ms)[0m  commit transaction
Redirected to http://localhost:3000/students/1
Completed 302 Found in 6ms (ActiveRecord: 1.0ms)


Started GET "/students/1" for 127.0.0.1 at 2014-06-26 10:35:18 -0500
Processing by StudentsController#show as HTML
  Parameters: {"id"=>"1"}
  [1m[36mStudent Load (0.2ms)[0m  [1mSELECT  "students".* FROM "students"  WHERE "students"."id" = ? LIMIT 1[0m  [["id", 1]]
  Rendered students/show.html.erb within layouts/application (0.7ms)
Completed 200 OK in 7ms (Views: 4.7ms | ActiveRecord: 0.2ms)


Started GET "/assets/courses.css?body=1" for 127.0.0.1 at 2014-06-26 10:35:18 -0500


Started GET "/assets/scaffolds.css?body=1" for 127.0.0.1 at 2014-06-26 10:35:18 -0500


Started GET "/assets/jquery_ujs.js?body=1" for 127.0.0.1 at 2014-06-26 10:35:18 -0500


Started GET "/assets/students.css?body=1" for 127.0.0.1 at 2014-06-26 10:35:18 -0500


Started GET "/assets/jquery.js?body=1" for 127.0.0.1 at 2014-06-26 10:35:18 -0500


Started GET "/assets/application.css?body=1" for 127.0.0.1 at 2014-06-26 10:35:18 -0500


Started GET "/assets/turbolinks.js?body=1" for 127.0.0.1 at 2014-06-26 10:35:18 -0500


Started GET "/assets/courses.js?body=1" for 127.0.0.1 at 2014-06-26 10:35:18 -0500


Started GET "/assets/students.js?body=1" for 127.0.0.1 at 2014-06-26 10:35:18 -0500


Started GET "/assets/application.js?body=1" for 127.0.0.1 at 2014-06-26 10:35:18 -0500
  [1m[36mStudent Load (0.9ms)[0m  [1mSELECT "students".* FROM "students"[0m


Started GET "/students/new" for 127.0.0.1 at 2014-06-26 10:49:43 -0500
  [1m[36mActiveRecord::SchemaMigration Load (0.1ms)[0m  [1mSELECT "schema_migrations".* FROM "schema_migrations"[0m
Processing by StudentsController#new as HTML
  Rendered students/_form.html.erb (10.5ms)
  Rendered students/new.html.erb within layouts/application (13.0ms)
Completed 200 OK in 50ms (Views: 36.6ms | ActiveRecord: 0.2ms)


Started GET "/assets/courses.css?body=1" for 127.0.0.1 at 2014-06-26 10:49:43 -0500


Started GET "/assets/scaffolds.css?body=1" for 127.0.0.1 at 2014-06-26 10:49:43 -0500


Started GET "/assets/students.css?body=1" for 127.0.0.1 at 2014-06-26 10:49:43 -0500


Started GET "/assets/jquery.js?body=1" for 127.0.0.1 at 2014-06-26 10:49:43 -0500


Started GET "/assets/application.css?body=1" for 127.0.0.1 at 2014-06-26 10:49:43 -0500


Started GET "/assets/jquery_ujs.js?body=1" for 127.0.0.1 at 2014-06-26 10:49:43 -0500


Started GET "/assets/turbolinks.js?body=1" for 127.0.0.1 at 2014-06-26 10:49:43 -0500


Started GET "/assets/courses.js?body=1" for 127.0.0.1 at 2014-06-26 10:49:43 -0500


Started GET "/assets/students.js?body=1" for 127.0.0.1 at 2014-06-26 10:49:43 -0500


Started GET "/assets/application.js?body=1" for 127.0.0.1 at 2014-06-26 10:49:43 -0500


Started POST "/students" for 127.0.0.1 at 2014-06-26 10:49:51 -0500
Processing by StudentsController#create as HTML
  Parameters: {"utf8"=>"✓", "authenticity_token"=>"2bzYTmVtoMfKzkl6rAb3zmOoeXuhMZJJoSklUvXLWdQ=", "student"=>{"name"=>"Jill"}, "course_id"=>"3", "commit"=>"Create Student"}
  [1m[35mCourse Load (0.1ms)[0m  SELECT  "courses".* FROM "courses"  WHERE "courses"."id" = ? LIMIT 1  [["id", 3]]
Completed 404 Not Found in 22ms

ActiveRecord::RecordNotFound (Couldn't find Course with 'id'=3):
  app/controllers/students_controller.rb:28:in `create'


  Rendered /Users/Evenie/.rvm/gems/ruby-2.1.2/gems/actionpack-4.1.0/lib/action_dispatch/middleware/templates/rescues/_source.erb (7.1ms)
  Rendered /Users/Evenie/.rvm/gems/ruby-2.1.2/gems/actionpack-4.1.0/lib/action_dispatch/middleware/templates/rescues/_trace.html.erb (1.1ms)
  Rendered /Users/Evenie/.rvm/gems/ruby-2.1.2/gems/actionpack-4.1.0/lib/action_dispatch/middleware/templates/rescues/_request_and_response.html.erb (0.9ms)
  Rendered /Users/Evenie/.rvm/gems/ruby-2.1.2/gems/actionpack-4.1.0/lib/action_dispatch/middleware/templates/rescues/diagnostics.erb within rescues/layout (21.8ms)


Started POST "/students" for 127.0.0.1 at 2014-06-26 10:50:20 -0500
Processing by StudentsController#create as HTML
  Parameters: {"utf8"=>"✓", "authenticity_token"=>"2bzYTmVtoMfKzkl6rAb3zmOoeXuhMZJJoSklUvXLWdQ=", "student"=>{"name"=>"Jill"}, "course_id"=>"3", "commit"=>"Create Student"}
  [1m[36mCourse Load (0.1ms)[0m  [1mSELECT  "courses".* FROM "courses"  WHERE "courses"."id" = ? LIMIT 1[0m  [["id", 3]]
Completed 404 Not Found in 3ms

ActiveRecord::RecordNotFound (Couldn't find Course with 'id'=3):
  app/controllers/students_controller.rb:28:in `create'


  Rendered /Users/Evenie/.rvm/gems/ruby-2.1.2/gems/actionpack-4.1.0/lib/action_dispatch/middleware/templates/rescues/_source.erb (0.5ms)
  Rendered /Users/Evenie/.rvm/gems/ruby-2.1.2/gems/actionpack-4.1.0/lib/action_dispatch/middleware/templates/rescues/_trace.html.erb (1.0ms)
  Rendered /Users/Evenie/.rvm/gems/ruby-2.1.2/gems/actionpack-4.1.0/lib/action_dispatch/middleware/templates/rescues/_request_and_response.html.erb (0.8ms)
  Rendered /Users/Evenie/.rvm/gems/ruby-2.1.2/gems/actionpack-4.1.0/lib/action_dispatch/middleware/templates/rescues/diagnostics.erb within rescues/layout (11.2ms)


Started GET "/" for 127.0.0.1 at 2014-06-26 10:51:26 -0500
Processing by Rails::WelcomeController#index as HTML
  Rendered /Users/Evenie/.rvm/gems/ruby-2.1.2/gems/railties-4.1.0/lib/rails/templates/rails/welcome/index.html.erb (0.6ms)
Completed 200 OK in 2ms (Views: 1.4ms | ActiveRecord: 0.0ms)


Started GET "/courses/new" for 127.0.0.1 at 2014-06-26 10:51:37 -0500
Processing by CoursesController#new as HTML
  Rendered courses/_form.html.erb (4.6ms)
  Rendered courses/new.html.erb within layouts/application (5.9ms)
Completed 200 OK in 11ms (Views: 10.2ms | ActiveRecord: 0.0ms)


Started GET "/assets/courses.css?body=1" for 127.0.0.1 at 2014-06-26 10:51:37 -0500


Started GET "/assets/application.css?body=1" for 127.0.0.1 at 2014-06-26 10:51:37 -0500


Started GET "/assets/students.css?body=1" for 127.0.0.1 at 2014-06-26 10:51:37 -0500


Started GET "/assets/scaffolds.css?body=1" for 127.0.0.1 at 2014-06-26 10:51:37 -0500


Started GET "/assets/turbolinks.js?body=1" for 127.0.0.1 at 2014-06-26 10:51:37 -0500


Started GET "/assets/jquery.js?body=1" for 127.0.0.1 at 2014-06-26 10:51:37 -0500


Started GET "/assets/courses.js?body=1" for 127.0.0.1 at 2014-06-26 10:51:37 -0500


Started GET "/assets/jquery_ujs.js?body=1" for 127.0.0.1 at 2014-06-26 10:51:37 -0500


Started GET "/assets/students.js?body=1" for 127.0.0.1 at 2014-06-26 10:51:37 -0500


Started GET "/assets/application.js?body=1" for 127.0.0.1 at 2014-06-26 10:51:37 -0500


Started POST "/courses" for 127.0.0.1 at 2014-06-26 10:51:52 -0500
Processing by CoursesController#create as HTML
  Parameters: {"utf8"=>"✓", "authenticity_token"=>"2bzYTmVtoMfKzkl6rAb3zmOoeXuhMZJJoSklUvXLWdQ=", "course"=>{"title"=>"Web Frameworks", "course_number"=>"4990"}, "commit"=>"Create Course"}
  [1m[35m (0.2ms)[0m  begin transaction
  [1m[36mSQL (0.5ms)[0m  [1mINSERT INTO "courses" ("course_number", "created_at", "title", "updated_at") VALUES (?, ?, ?, ?)[0m  [["course_number", "4990"], ["created_at", "2014-06-26 15:51:52.952310"], ["title", "Web Frameworks"], ["updated_at", "2014-06-26 15:51:52.952310"]]
  [1m[35m (0.7ms)[0m  commit transaction
Redirected to http://localhost:3000/courses/3
Completed 302 Found in 7ms (ActiveRecord: 1.4ms)


Started GET "/courses/3" for 127.0.0.1 at 2014-06-26 10:51:52 -0500
Processing by CoursesController#show as HTML
  Parameters: {"id"=>"3"}
  [1m[36mCourse Load (0.1ms)[0m  [1mSELECT  "courses".* FROM "courses"  WHERE "courses"."id" = ? LIMIT 1[0m  [["id", 3]]
  Rendered courses/show.html.erb within layouts/application (0.9ms)
Completed 200 OK in 6ms (Views: 4.9ms | ActiveRecord: 0.1ms)


Started GET "/assets/courses.css?body=1" for 127.0.0.1 at 2014-06-26 10:51:52 -0500


Started GET "/assets/scaffolds.css?body=1" for 127.0.0.1 at 2014-06-26 10:51:52 -0500


Started GET "/assets/application.css?body=1" for 127.0.0.1 at 2014-06-26 10:51:52 -0500


Started GET "/assets/jquery.js?body=1" for 127.0.0.1 at 2014-06-26 10:51:52 -0500


Started GET "/assets/jquery_ujs.js?body=1" for 127.0.0.1 at 2014-06-26 10:51:52 -0500


Started GET "/assets/turbolinks.js?body=1" for 127.0.0.1 at 2014-06-26 10:51:53 -0500


Started GET "/assets/students.css?body=1" for 127.0.0.1 at 2014-06-26 10:51:53 -0500


Started GET "/assets/courses.js?body=1" for 127.0.0.1 at 2014-06-26 10:51:53 -0500


Started GET "/assets/students.js?body=1" for 127.0.0.1 at 2014-06-26 10:51:53 -0500


Started GET "/assets/application.js?body=1" for 127.0.0.1 at 2014-06-26 10:51:53 -0500


Started GET "/students/new" for 127.0.0.1 at 2014-06-26 10:52:07 -0500
Processing by StudentsController#new as HTML
  Rendered students/_form.html.erb (1.5ms)
  Rendered students/new.html.erb within layouts/application (2.0ms)
Completed 200 OK in 6ms (Views: 5.4ms | ActiveRecord: 0.0ms)


Started GET "/assets/courses.css?body=1" for 127.0.0.1 at 2014-06-26 10:52:07 -0500


Started GET "/assets/application.css?body=1" for 127.0.0.1 at 2014-06-26 10:52:07 -0500


Started GET "/assets/scaffolds.css?body=1" for 127.0.0.1 at 2014-06-26 10:52:07 -0500


Started GET "/assets/jquery.js?body=1" for 127.0.0.1 at 2014-06-26 10:52:07 -0500


Started GET "/assets/students.css?body=1" for 127.0.0.1 at 2014-06-26 10:52:07 -0500


Started GET "/assets/jquery_ujs.js?body=1" for 127.0.0.1 at 2014-06-26 10:52:07 -0500


Started GET "/assets/turbolinks.js?body=1" for 127.0.0.1 at 2014-06-26 10:52:07 -0500


Started GET "/assets/courses.js?body=1" for 127.0.0.1 at 2014-06-26 10:52:07 -0500


Started GET "/assets/students.js?body=1" for 127.0.0.1 at 2014-06-26 10:52:07 -0500


Started GET "/assets/application.js?body=1" for 127.0.0.1 at 2014-06-26 10:52:07 -0500


Started POST "/students" for 127.0.0.1 at 2014-06-26 10:52:13 -0500
Processing by StudentsController#create as HTML
  Parameters: {"utf8"=>"✓", "authenticity_token"=>"2bzYTmVtoMfKzkl6rAb3zmOoeXuhMZJJoSklUvXLWdQ=", "student"=>{"name"=>"Jill"}, "course_id"=>"3", "commit"=>"Create Student"}
  [1m[35mCourse Load (0.1ms)[0m  SELECT  "courses".* FROM "courses"  WHERE "courses"."id" = ? LIMIT 1  [["id", 3]]
  [1m[36m (0.1ms)[0m  [1mbegin transaction[0m
  [1m[35mSQL (0.3ms)[0m  INSERT INTO "students" ("created_at", "name", "updated_at") VALUES (?, ?, ?)  [["created_at", "2014-06-26 15:52:13.019535"], ["name", "Jill"], ["updated_at", "2014-06-26 15:52:13.019535"]]
  [1m[36mSQL (0.1ms)[0m  [1mINSERT INTO "courses_students" ("course_id", "student_id") VALUES (?, ?)[0m  [["course_id", 3], ["student_id", 2]]
  [1m[35m (0.7ms)[0m  commit transaction
Redirected to http://localhost:3000/students/2
Completed 302 Found in 14ms (ActiveRecord: 1.4ms)


Started GET "/students/2" for 127.0.0.1 at 2014-06-26 10:52:13 -0500
Processing by StudentsController#show as HTML
  Parameters: {"id"=>"2"}
  [1m[36mStudent Load (0.2ms)[0m  [1mSELECT  "students".* FROM "students"  WHERE "students"."id" = ? LIMIT 1[0m  [["id", 2]]
  Rendered students/show.html.erb within layouts/application (0.9ms)
Completed 200 OK in 7ms (Views: 5.5ms | ActiveRecord: 0.2ms)


Started GET "/assets/courses.css?body=1" for 127.0.0.1 at 2014-06-26 10:52:13 -0500


Started GET "/assets/jquery_ujs.js?body=1" for 127.0.0.1 at 2014-06-26 10:52:13 -0500


Started GET "/assets/application.css?body=1" for 127.0.0.1 at 2014-06-26 10:52:13 -0500


Started GET "/assets/scaffolds.css?body=1" for 127.0.0.1 at 2014-06-26 10:52:13 -0500


Started GET "/assets/students.css?body=1" for 127.0.0.1 at 2014-06-26 10:52:13 -0500


Started GET "/assets/jquery.js?body=1" for 127.0.0.1 at 2014-06-26 10:52:13 -0500


Started GET "/assets/turbolinks.js?body=1" for 127.0.0.1 at 2014-06-26 10:52:13 -0500


Started GET "/assets/students.js?body=1" for 127.0.0.1 at 2014-06-26 10:52:13 -0500


Started GET "/assets/application.js?body=1" for 127.0.0.1 at 2014-06-26 10:52:13 -0500


Started GET "/assets/courses.js?body=1" for 127.0.0.1 at 2014-06-26 10:52:13 -0500
  [1m[36mStudent Load (0.1ms)[0m  [1mSELECT  "students".* FROM "students"   ORDER BY "students"."id" DESC LIMIT 1[0m
  [1m[35mCourse Load (0.2ms)[0m  SELECT "courses".* FROM "courses" INNER JOIN "courses_students" ON "courses"."id" = "courses_students"."course_id" WHERE "courses_students"."student_id" = ?  [["student_id", 2]]
  [1m[36mActiveRecord::SchemaMigration Load (0.1ms)[0m  [1mSELECT "schema_migrations".* FROM "schema_migrations"[0m
Migrating to CreateInstructors (20140626160041)
  [1m[35m (0.0ms)[0m  begin transaction
  [1m[36m (0.4ms)[0m  [1mCREATE TABLE "instructors" ("id" INTEGER PRIMARY KEY AUTOINCREMENT NOT NULL, "name" varchar(255), "created_at" datetime, "updated_at" datetime) [0m
  [1m[35mSQL (0.1ms)[0m  INSERT INTO "schema_migrations" ("version") VALUES (?)  [["version", "20140626160041"]]
  [1m[36m (0.7ms)[0m  [1mcommit transaction[0m
  [1m[35mActiveRecord::SchemaMigration Load (0.1ms)[0m  SELECT "schema_migrations".* FROM "schema_migrations"
  [1m[36m (0.1ms)[0m  [1m            SELECT sql
            FROM sqlite_master
            WHERE name='index_courses_students_on_course_id_and_student_id' AND type='index'
            UNION ALL
            SELECT sql
            FROM sqlite_temp_master
            WHERE name='index_courses_students_on_course_id_and_student_id' AND type='index'
[0m
  [1m[36mActiveRecord::SchemaMigration Load (0.1ms)[0m  [1mSELECT "schema_migrations".* FROM "schema_migrations"[0m
Migrating to AddInstructorIdToCourses (20140626161151)
  [1m[35m (0.0ms)[0m  begin transaction
  [1m[36m (0.3ms)[0m  [1mALTER TABLE "courses" ADD "instructor_id" integer[0m
  [1m[35mSQL (0.1ms)[0m  INSERT INTO "schema_migrations" ("version") VALUES (?)  [["version", "20140626161151"]]
  [1m[36m (8.4ms)[0m  [1mcommit transaction[0m
  [1m[35mActiveRecord::SchemaMigration Load (0.1ms)[0m  SELECT "schema_migrations".* FROM "schema_migrations"
  [1m[36m (0.1ms)[0m  [1m            SELECT sql
            FROM sqlite_master
            WHERE name='index_courses_students_on_course_id_and_student_id' AND type='index'
            UNION ALL
            SELECT sql
            FROM sqlite_temp_master
            WHERE name='index_courses_students_on_course_id_and_student_id' AND type='index'
[0m


Started GET "/courses/new" for 127.0.0.1 at 2014-06-26 11:37:34 -0500
  [1m[36mActiveRecord::SchemaMigration Load (0.1ms)[0m  [1mSELECT "schema_migrations".* FROM "schema_migrations"[0m

ActiveRecord::PendingMigrationError (

Migrations are pending. To resolve this issue, run:

	bin/rake db:migrate RAILS_ENV=development

):
  activerecord (4.1.0) lib/active_record/migration.rb:389:in `check_pending!'
  activerecord (4.1.0) lib/active_record/migration.rb:377:in `call'
  actionpack (4.1.0) lib/action_dispatch/middleware/callbacks.rb:29:in `block in call'
  activesupport (4.1.0) lib/active_support/callbacks.rb:82:in `run_callbacks'
  actionpack (4.1.0) lib/action_dispatch/middleware/callbacks.rb:27:in `call'
  actionpack (4.1.0) lib/action_dispatch/middleware/reloader.rb:73:in `call'
  actionpack (4.1.0) lib/action_dispatch/middleware/remote_ip.rb:76:in `call'
  actionpack (4.1.0) lib/action_dispatch/middleware/debug_exceptions.rb:17:in `call'
  actionpack (4.1.0) lib/action_dispatch/middleware/show_exceptions.rb:30:in `call'
  railties (4.1.0) lib/rails/rack/logger.rb:38:in `call_app'
  railties (4.1.0) lib/rails/rack/logger.rb:20:in `block in call'
  activesupport (4.1.0) lib/active_support/tagged_logging.rb:68:in `block in tagged'
  activesupport (4.1.0) lib/active_support/tagged_logging.rb:26:in `tagged'
  activesupport (4.1.0) lib/active_support/tagged_logging.rb:68:in `tagged'
  railties (4.1.0) lib/rails/rack/logger.rb:20:in `call'
  actionpack (4.1.0) lib/action_dispatch/middleware/request_id.rb:21:in `call'
  rack (1.5.2) lib/rack/methodoverride.rb:21:in `call'
  rack (1.5.2) lib/rack/runtime.rb:17:in `call'
  activesupport (4.1.0) lib/active_support/cache/strategy/local_cache_middleware.rb:26:in `call'
  rack (1.5.2) lib/rack/lock.rb:17:in `call'
  actionpack (4.1.0) lib/action_dispatch/middleware/static.rb:64:in `call'
  rack (1.5.2) lib/rack/sendfile.rb:112:in `call'
  railties (4.1.0) lib/rails/engine.rb:514:in `call'
  railties (4.1.0) lib/rails/application.rb:144:in `call'
  rack (1.5.2) lib/rack/lock.rb:17:in `call'
  rack (1.5.2) lib/rack/content_length.rb:14:in `call'
  rack (1.5.2) lib/rack/handler/webrick.rb:60:in `service'
  /Users/Evenie/.rvm/rubies/ruby-2.1.2/lib/ruby/2.1.0/webrick/httpserver.rb:138:in `service'
  /Users/Evenie/.rvm/rubies/ruby-2.1.2/lib/ruby/2.1.0/webrick/httpserver.rb:94:in `run'
  /Users/Evenie/.rvm/rubies/ruby-2.1.2/lib/ruby/2.1.0/webrick/server.rb:295:in `block in start_thread'


  Rendered /Users/Evenie/.rvm/gems/ruby-2.1.2/gems/actionpack-4.1.0/lib/action_dispatch/middleware/templates/rescues/_source.erb (0.3ms)
  Rendered /Users/Evenie/.rvm/gems/ruby-2.1.2/gems/actionpack-4.1.0/lib/action_dispatch/middleware/templates/rescues/_trace.html.erb (0.7ms)
  Rendered /Users/Evenie/.rvm/gems/ruby-2.1.2/gems/actionpack-4.1.0/lib/action_dispatch/middleware/templates/rescues/_request_and_response.html.erb (0.6ms)
  Rendered /Users/Evenie/.rvm/gems/ruby-2.1.2/gems/actionpack-4.1.0/lib/action_dispatch/middleware/templates/rescues/diagnostics.erb within rescues/layout (10.3ms)
  [1m[36mActiveRecord::SchemaMigration Load (0.1ms)[0m  [1mSELECT "schema_migrations".* FROM "schema_migrations"[0m
Migrating to CreateAssignments (20140626161730)
  [1m[35m (0.1ms)[0m  begin transaction
  [1m[36m (0.4ms)[0m  [1mCREATE TABLE "assignments" ("id" INTEGER PRIMARY KEY AUTOINCREMENT NOT NULL, "created_at" datetime, "updated_at" datetime) [0m
  [1m[35mSQL (0.1ms)[0m  INSERT INTO "schema_migrations" ("version") VALUES (?)  [["version", "20140626161730"]]
  [1m[36m (0.7ms)[0m  [1mcommit transaction[0m
  [1m[35mActiveRecord::SchemaMigration Load (0.1ms)[0m  SELECT "schema_migrations".* FROM "schema_migrations"
  [1m[36m (0.1ms)[0m  [1m            SELECT sql
            FROM sqlite_master
            WHERE name='index_courses_students_on_course_id_and_student_id' AND type='index'
            UNION ALL
            SELECT sql
            FROM sqlite_temp_master
            WHERE name='index_courses_students_on_course_id_and_student_id' AND type='index'
[0m


Started GET "/courses/new" for 127.0.0.1 at 2014-06-26 11:38:25 -0500
  [1m[36mActiveRecord::SchemaMigration Load (0.1ms)[0m  [1mSELECT "schema_migrations".* FROM "schema_migrations"[0m
Processing by CoursesController#new as HTML
  Rendered courses/_form.html.erb (11.1ms)
  Rendered courses/new.html.erb within layouts/application (13.5ms)
Completed 200 OK in 374ms (Views: 361.2ms | ActiveRecord: 0.2ms)


Started GET "/assets/assignments.js?body=1" for 127.0.0.1 at 2014-06-26 11:38:26 -0500


Started GET "/assets/courses.css?body=1" for 127.0.0.1 at 2014-06-26 11:38:26 -0500


Started GET "/assets/assignments.css?body=1" for 127.0.0.1 at 2014-06-26 11:38:26 -0500


Started GET "/assets/instructors.css?body=1" for 127.0.0.1 at 2014-06-26 11:38:26 -0500


Started GET "/assets/scaffolds.css?body=1" for 127.0.0.1 at 2014-06-26 11:38:26 -0500


Started GET "/assets/instructors.js?body=1" for 127.0.0.1 at 2014-06-26 11:38:26 -0500


Started GET "/assets/students.css?body=1" for 127.0.0.1 at 2014-06-26 11:38:26 -0500


Started GET "/assets/application.css?body=1" for 127.0.0.1 at 2014-06-26 11:38:26 -0500


Started GET "/assets/jquery.js?body=1" for 127.0.0.1 at 2014-06-26 11:38:26 -0500


Started GET "/assets/jquery_ujs.js?body=1" for 127.0.0.1 at 2014-06-26 11:38:26 -0500


Started GET "/assets/turbolinks.js?body=1" for 127.0.0.1 at 2014-06-26 11:38:26 -0500


Started GET "/assets/courses.js?body=1" for 127.0.0.1 at 2014-06-26 11:38:26 -0500


Started GET "/assets/students.js?body=1" for 127.0.0.1 at 2014-06-26 11:38:26 -0500


Started GET "/assets/application.js?body=1" for 127.0.0.1 at 2014-06-26 11:38:26 -0500


Started GET "/courses/1" for 127.0.0.1 at 2014-06-26 11:38:31 -0500
Processing by CoursesController#show as HTML
  Parameters: {"id"=>"1"}
  [1m[35mCourse Load (0.2ms)[0m  SELECT  "courses".* FROM "courses"  WHERE "courses"."id" = ? LIMIT 1  [["id", 1]]
  [1m[36mStudent Load (0.2ms)[0m  [1mSELECT "students".* FROM "students" INNER JOIN "courses_students" ON "students"."id" = "courses_students"."student_id" WHERE "courses_students"."course_id" = ?[0m  [["course_id", 1]]
  Rendered courses/show.html.erb within layouts/application (20.3ms)
Completed 200 OK in 29ms (Views: 25.7ms | ActiveRecord: 0.6ms)


Started GET "/assets/courses.css?body=1" for 127.0.0.1 at 2014-06-26 11:38:31 -0500


Started GET "/assets/scaffolds.css?body=1" for 127.0.0.1 at 2014-06-26 11:38:31 -0500


Started GET "/assets/students.css?body=1" for 127.0.0.1 at 2014-06-26 11:38:31 -0500


Started GET "/assets/turbolinks.js?body=1" for 127.0.0.1 at 2014-06-26 11:38:31 -0500


Started GET "/assets/application.css?body=1" for 127.0.0.1 at 2014-06-26 11:38:31 -0500


Started GET "/assets/jquery_ujs.js?body=1" for 127.0.0.1 at 2014-06-26 11:38:31 -0500


Started GET "/assets/courses.js?body=1" for 127.0.0.1 at 2014-06-26 11:38:31 -0500


Started GET "/assets/jquery.js?body=1" for 127.0.0.1 at 2014-06-26 11:38:31 -0500


Started GET "/assets/students.js?body=1" for 127.0.0.1 at 2014-06-26 11:38:31 -0500


Started GET "/assets/application.js?body=1" for 127.0.0.1 at 2014-06-26 11:38:31 -0500


Started GET "/courses/2" for 127.0.0.1 at 2014-06-26 11:38:39 -0500
Processing by CoursesController#show as HTML
  Parameters: {"id"=>"2"}
  [1m[35mCourse Load (0.1ms)[0m  SELECT  "courses".* FROM "courses"  WHERE "courses"."id" = ? LIMIT 1  [["id", 2]]
  [1m[36mStudent Load (0.1ms)[0m  [1mSELECT "students".* FROM "students" INNER JOIN "courses_students" ON "students"."id" = "courses_students"."student_id" WHERE "courses_students"."course_id" = ?[0m  [["course_id", 2]]
  Rendered courses/show.html.erb within layouts/application (2.7ms)
Completed 200 OK in 8ms (Views: 6.6ms | ActiveRecord: 0.2ms)


Started GET "/assets/courses.css?body=1" for 127.0.0.1 at 2014-06-26 11:38:39 -0500


Started GET "/assets/students.css?body=1" for 127.0.0.1 at 2014-06-26 11:38:39 -0500


Started GET "/assets/application.css?body=1" for 127.0.0.1 at 2014-06-26 11:38:39 -0500


Started GET "/assets/scaffolds.css?body=1" for 127.0.0.1 at 2014-06-26 11:38:39 -0500


Started GET "/assets/jquery_ujs.js?body=1" for 127.0.0.1 at 2014-06-26 11:38:39 -0500


Started GET "/assets/jquery.js?body=1" for 127.0.0.1 at 2014-06-26 11:38:39 -0500


Started GET "/assets/turbolinks.js?body=1" for 127.0.0.1 at 2014-06-26 11:38:39 -0500


Started GET "/assets/courses.js?body=1" for 127.0.0.1 at 2014-06-26 11:38:39 -0500


Started GET "/assets/students.js?body=1" for 127.0.0.1 at 2014-06-26 11:38:39 -0500


Started GET "/assets/application.js?body=1" for 127.0.0.1 at 2014-06-26 11:38:39 -0500


Started GET "/courses/3" for 127.0.0.1 at 2014-06-26 11:38:42 -0500
Processing by CoursesController#show as HTML
  Parameters: {"id"=>"3"}
  [1m[35mCourse Load (0.1ms)[0m  SELECT  "courses".* FROM "courses"  WHERE "courses"."id" = ? LIMIT 1  [["id", 3]]
  [1m[36mStudent Load (0.1ms)[0m  [1mSELECT "students".* FROM "students" INNER JOIN "courses_students" ON "students"."id" = "courses_students"."student_id" WHERE "courses_students"."course_id" = ?[0m  [["course_id", 3]]
  Rendered courses/show.html.erb within layouts/application (4.9ms)
Completed 200 OK in 10ms (Views: 9.0ms | ActiveRecord: 0.3ms)


Started GET "/assets/courses.css?body=1" for 127.0.0.1 at 2014-06-26 11:38:42 -0500


Started GET "/assets/scaffolds.css?body=1" for 127.0.0.1 at 2014-06-26 11:38:42 -0500


Started GET "/assets/students.css?body=1" for 127.0.0.1 at 2014-06-26 11:38:42 -0500


Started GET "/assets/jquery_ujs.js?body=1" for 127.0.0.1 at 2014-06-26 11:38:42 -0500


Started GET "/assets/jquery.js?body=1" for 127.0.0.1 at 2014-06-26 11:38:42 -0500


Started GET "/assets/application.css?body=1" for 127.0.0.1 at 2014-06-26 11:38:42 -0500


Started GET "/assets/turbolinks.js?body=1" for 127.0.0.1 at 2014-06-26 11:38:42 -0500


Started GET "/assets/courses.js?body=1" for 127.0.0.1 at 2014-06-26 11:38:42 -0500


Started GET "/assets/students.js?body=1" for 127.0.0.1 at 2014-06-26 11:38:42 -0500


Started GET "/assets/application.js?body=1" for 127.0.0.1 at 2014-06-26 11:38:42 -0500
  [1m[36mInstructor Load (0.3ms)[0m  [1mSELECT  "instructors".* FROM "instructors"   ORDER BY "instructors"."id" ASC LIMIT 1[0m
  [1m[35mInstructor Load (0.1ms)[0m  SELECT  "instructors".* FROM "instructors"   ORDER BY "instructors"."id" DESC LIMIT 1
  [1m[36m (0.1ms)[0m  [1mbegin transaction[0m
  [1m[35mSQL (0.7ms)[0m  INSERT INTO "instructors" ("created_at", "name", "updated_at") VALUES (?, ?, ?)  [["created_at", "2014-07-02 03:21:32.525100"], ["name", "Bob"], ["updated_at", "2014-07-02 03:21:32.525100"]]
  [1m[36m (0.6ms)[0m  [1mcommit transaction[0m
  [1m[35m (0.1ms)[0m  begin transaction
  [1m[36m (0.0ms)[0m  [1mcommit transaction[0m
  [1m[35mInstructor Load (0.1ms)[0m  SELECT  "instructors".* FROM "instructors"   ORDER BY "instructors"."id" DESC LIMIT 1
  [1m[36mCourse Load (0.4ms)[0m  [1mSELECT "courses".* FROM "courses"[0m
  [1m[35mCourse Load (0.1ms)[0m  SELECT  "courses".* FROM "courses"  WHERE "courses"."id" = ? LIMIT 1  [["id", 1]]
  [1m[36mCourse Load (0.1ms)[0m  [1mSELECT  "courses".* FROM "courses"  WHERE "courses"."id" = ? LIMIT 1[0m  [["id", 1]]
  [1m[36mCourse Load (0.1ms)[0m  [1mSELECT  "courses".* FROM "courses"  WHERE "courses"."id" = ? LIMIT 1[0m  [["id", 1]]
  [1m[35mCourse Load (0.1ms)[0m  SELECT  "courses".* FROM "courses"  WHERE "courses"."id" = ? LIMIT 1  [["id", 1]]
  [1m[36mCourse Load (0.1ms)[0m  [1mSELECT  "courses".* FROM "courses"  WHERE "courses"."id" = ? LIMIT 1[0m  [["id", 1]]
  [1m[35mInstructor Load (0.1ms)[0m  SELECT  "instructors".* FROM "instructors"   ORDER BY "instructors"."id" DESC LIMIT 1
  [1m[36mInstructor Load (0.1ms)[0m  [1mSELECT  "instructors".* FROM "instructors"   ORDER BY "instructors"."id" DESC LIMIT 1[0m
  [1m[36mInstructor Load (0.1ms)[0m  [1mSELECT  "instructors".* FROM "instructors"   ORDER BY "instructors"."id" DESC LIMIT 1[0m
  [1m[35mCourse Load (0.1ms)[0m  SELECT "courses".* FROM "courses"  WHERE "courses"."instructor_id" = ?  [["instructor_id", 1]]
  [1m[36mCourse Load (0.1ms)[0m  [1mSELECT  "courses".* FROM "courses"  WHERE "courses"."id" = ? LIMIT 1[0m  [["id", 1]]
  [1m[36m (0.1ms)[0m  [1mbegin transaction[0m
  [1m[35mSQL (0.3ms)[0m  INSERT INTO "students" ("created_at", "name", "updated_at") VALUES (?, ?, ?)  [["created_at", "2014-07-02 03:43:08.868020"], ["name", "Anne"], ["updated_at", "2014-07-02 03:43:08.868020"]]
  [1m[36m (8.7ms)[0m  [1mcommit transaction[0m
  [1m[35m (0.1ms)[0m  begin transaction
  [1m[36mSQL (0.3ms)[0m  [1mINSERT INTO "students" ("created_at", "name", "updated_at") VALUES (?, ?, ?)[0m  [["created_at", "2014-07-02 03:43:40.607028"], ["name", "Anne"], ["updated_at", "2014-07-02 03:43:40.607028"]]
  [1m[35m (8.7ms)[0m  commit transaction
  [1m[36m (0.1ms)[0m  [1mbegin transaction[0m
  [1m[35m (0.1ms)[0m  commit transaction
  [1m[36mStudent Load (0.1ms)[0m  [1mSELECT  "students".* FROM "students"   ORDER BY "students"."id" DESC LIMIT 1[0m
  [1m[35mCourse Load (0.2ms)[0m  SELECT "courses".* FROM "courses" INNER JOIN "courses_students" ON "courses"."id" = "courses_students"."course_id" WHERE "courses_students"."student_id" = ?  [["student_id", 4]]
  [1m[36m (0.1ms)[0m  [1mbegin transaction[0m
  [1m[35mSQL (0.7ms)[0m  INSERT INTO "instructors" ("created_at", "name", "updated_at") VALUES (?, ?, ?)  [["created_at", "2014-07-02 03:48:04.543633"], ["name", "Me"], ["updated_at", "2014-07-02 03:48:04.543633"]]
  [1m[36m (7.6ms)[0m  [1mcommit transaction[0m
  [1m[35m (0.1ms)[0m  begin transaction
  [1m[36m (0.0ms)[0m  [1mcommit transaction[0m
  [1m[35mCourse Load (0.1ms)[0m  SELECT "courses".* FROM "courses"  WHERE "courses"."instructor_id" = ?  [["instructor_id", 2]]
  [1m[36mCourse Load (0.1ms)[0m  [1mSELECT  "courses".* FROM "courses"   ORDER BY "courses"."id" DESC LIMIT 1[0m
  [1m[35mInstructor Load (0.1ms)[0m  SELECT  "instructors".* FROM "instructors"   ORDER BY "instructors"."id" DESC LIMIT 1
  [1m[36mInstructor Load (0.1ms)[0m  [1mSELECT  "instructors".* FROM "instructors"   ORDER BY "instructors"."id" DESC LIMIT 1[0m
  [1m[35mCourse Load (0.1ms)[0m  SELECT "courses".* FROM "courses"  WHERE "courses"."instructor_id" = ?  [["instructor_id", 2]]
  [1m[36m (0.1ms)[0m  [1mbegin transaction[0m
  [1m[35mSQL (0.4ms)[0m  INSERT INTO "courses" ("course_number", "created_at", "instructor_id", "title", "updated_at") VALUES (?, ?, ?, ?, ?)  [["course_number", "2020"], ["created_at", "2014-07-02 15:41:15.562423"], ["instructor_id", 2], ["title", "Some Class"], ["updated_at", "2014-07-02 15:41:15.562423"]]
  [1m[36m (0.7ms)[0m  [1mcommit transaction[0m
  [1m[35m (0.1ms)[0m  begin transaction
  [1m[36m (0.0ms)[0m  [1mcommit transaction[0m
  [1m[35mInstructor Load (0.1ms)[0m  SELECT  "instructors".* FROM "instructors"  WHERE "instructors"."id" = ? LIMIT 1  [["id", 2]]
  [1m[36mStudent Load (0.1ms)[0m  [1mSELECT  "students".* FROM "students"   ORDER BY "students"."id" DESC LIMIT 1[0m
  [1m[35mCourse Load (0.2ms)[0m  SELECT "courses".* FROM "courses" INNER JOIN "courses_students" ON "courses"."id" = "courses_students"."course_id" WHERE "courses_students"."student_id" = ?  [["student_id", 4]]
  [1m[36mCourse Load (0.1ms)[0m  [1mSELECT  "courses".* FROM "courses"   ORDER BY "courses"."id" DESC LIMIT 1[0m
  [1m[35mStudent Load (0.2ms)[0m  SELECT "students".* FROM "students" INNER JOIN "courses_students" ON "students"."id" = "courses_students"."student_id" WHERE "courses_students"."course_id" = ?  [["course_id", 4]]
  [1m[36mActiveRecord::SchemaMigration Load (0.1ms)[0m  [1mSELECT "schema_migrations".* FROM "schema_migrations"[0m
Migrating to CreateSubmissions (20140702162238)
  [1m[35m (0.0ms)[0m  begin transaction
  [1m[36m (0.4ms)[0m  [1mCREATE TABLE "submissions" ("id" INTEGER PRIMARY KEY AUTOINCREMENT NOT NULL, "score" integer, "grade" varchar(1), "assignment_id" integer, "created_at" datetime, "updated_at" datetime) [0m
  [1m[35mSQL (0.2ms)[0m  INSERT INTO "schema_migrations" ("version") VALUES (?)  [["version", "20140702162238"]]
  [1m[36m (0.8ms)[0m  [1mcommit transaction[0m
  [1m[35mActiveRecord::SchemaMigration Load (0.1ms)[0m  SELECT "schema_migrations".* FROM "schema_migrations"
  [1m[36m (0.1ms)[0m  [1m            SELECT sql
            FROM sqlite_master
            WHERE name='index_courses_students_on_course_id_and_student_id' AND type='index'
            UNION ALL
            SELECT sql
            FROM sqlite_temp_master
            WHERE name='index_courses_students_on_course_id_and_student_id' AND type='index'
[0m
  [1m[36mActiveRecord::SchemaMigration Load (0.1ms)[0m  [1mSELECT "schema_migrations".* FROM "schema_migrations"[0m
Migrating to AddForeignKeyRefsToAssignments (20140702162827)
  [1m[35m (0.0ms)[0m  begin transaction
  [1m[36m (0.6ms)[0m  [1mALTER TABLE "assignments" ADD "course_id" integer[0m
  [1m[35mSQL (0.2ms)[0m  INSERT INTO "schema_migrations" ("version") VALUES (?)  [["version", "20140702162827"]]
  [1m[36m (8.3ms)[0m  [1mcommit transaction[0m
  [1m[35mActiveRecord::SchemaMigration Load (0.1ms)[0m  SELECT "schema_migrations".* FROM "schema_migrations"
  [1m[36m (0.1ms)[0m  [1m            SELECT sql
            FROM sqlite_master
            WHERE name='index_courses_students_on_course_id_and_student_id' AND type='index'
            UNION ALL
            SELECT sql
            FROM sqlite_temp_master
            WHERE name='index_courses_students_on_course_id_and_student_id' AND type='index'
[0m
  [1m[36mAssignment Load (0.1ms)[0m  [1mSELECT  "assignments".* FROM "assignments"   ORDER BY "assignments"."id" DESC LIMIT 1[0m
  [1m[35m (0.1ms)[0m  begin transaction
  [1m[36mSQL (0.6ms)[0m  [1mINSERT INTO "assignments" ("course_id", "created_at", "updated_at") VALUES (?, ?, ?)[0m  [["course_id", 4], ["created_at", "2014-07-02 19:40:16.621858"], ["updated_at", "2014-07-02 19:40:16.621858"]]
  [1m[35m (0.5ms)[0m  commit transaction
  [1m[36m (0.1ms)[0m  [1mbegin transaction[0m
  [1m[35m (0.0ms)[0m  commit transaction
  [1m[36mCourse Load (0.1ms)[0m  [1mSELECT  "courses".* FROM "courses"  WHERE "courses"."id" = ? LIMIT 1[0m  [["id", 4]]
  [1m[35mAssignment Load (0.2ms)[0m  SELECT "assignments".* FROM "assignments"  WHERE "assignments"."course_id" = ?  [["course_id", 4]]
